<?xml version="1.0" encoding="UTF-8"?>
<coverage generated="1627216707181" clover="3.2.0">
  <project timestamp="1627216707181" name="All files">
    <metrics statements="4" coveredstatements="4" conditionals="2" coveredconditionals="2" methods="1" coveredmethods="1" elements="7" coveredelements="7" complexity="0" loc="4" ncloc="4" packages="1" files="1" classes="1"/>
    <file name="is_int.js" path="/home/dev/CursoFullCycle/3-IntegracaoContinua/desafio/desafio-fc2-quality-code-ci/src/is_int.js">
      <metrics statements="4" coveredstatements="4" conditionals="2" coveredconditionals="2" methods="1" coveredmethods="1"/>
      <line num="2" count="2" type="cond" truecount="2" falsecount="0"/>
      <line num="3" count="1" type="stmt"/>
      <line num="5" count="1" type="stmt"/>
      <line num="8" count="1" type="stmt"/>
    </file>
  </project>
</coverage>
